<?xml version="1.0" encoding="UTF-8"?>
<robot generator="Robot 6.1.1 (Python 3.11.4 on win32)" generated="20231120 22:22:15.937" rpa="false" schemaversion="4">
<suite id="s1" name="Tests" source="C:\Users\micro\Documents\GitHub\ohtu2023\viikko-3\web-login\src\tests">
<suite id="s1-s1" name="Home" source="C:\Users\micro\Documents\GitHub\ohtu2023\viikko-3\web-login\src\tests\home.robot">
<kw name="Open And Configure Browser" library="resource" type="SETUP">
<kw name="Evaluate" library="BuiltIn">
<var>${options}</var>
<arg>sys.modules['selenium.webdriver'].ChromeOptions()</arg>
<arg>sys</arg>
<doc>Evaluates the given expression in Python and returns the result.</doc>
<msg timestamp="20231120 22:22:18.169" level="INFO">${options} = &lt;selenium.webdriver.chrome.options.Options object at 0x000001B27E90A7D0&gt;</msg>
<status status="PASS" starttime="20231120 22:22:18.168" endtime="20231120 22:22:18.169"/>
</kw>
<kw name="Call Method" library="BuiltIn">
<arg>${options}</arg>
<arg>add_argument</arg>
<arg>--no-sandbox</arg>
<doc>Calls the named method of the given object with the provided arguments.</doc>
<status status="PASS" starttime="20231120 22:22:18.169" endtime="20231120 22:22:18.169"/>
</kw>
<kw name="Call Method" library="BuiltIn">
<arg>${options}</arg>
<arg>add_argument</arg>
<arg>--headless</arg>
<doc>Calls the named method of the given object with the provided arguments.</doc>
<status status="PASS" starttime="20231120 22:22:18.169" endtime="20231120 22:22:18.169"/>
</kw>
<kw name="Open Browser" library="SeleniumLibrary">
<arg>browser=chrome</arg>
<arg>options=${options}</arg>
<doc>Opens a new browser instance to the optional ``url``.</doc>
<msg timestamp="20231120 22:22:18.169" level="INFO">Opening browser 'chrome' to base url 'None'.</msg>
<status status="PASS" starttime="20231120 22:22:18.169" endtime="20231120 22:22:19.539"/>
</kw>
<kw name="Set Selenium Speed" library="SeleniumLibrary">
<arg>${DELAY}</arg>
<doc>Sets the delay that is waited after each Selenium command.</doc>
<status status="PASS" starttime="20231120 22:22:19.539" endtime="20231120 22:22:19.540"/>
</kw>
<status status="PASS" starttime="20231120 22:22:18.168" endtime="20231120 22:22:19.540"/>
</kw>
<test id="s1-s1-t1" name="Click Login Link" line="8">
<kw name="Go To Starting Page" library="resource" type="SETUP">
<kw name="Go To" library="SeleniumLibrary">
<arg>${HOME_URL}</arg>
<doc>Navigates the current browser window to the provided ``url``.</doc>
<msg timestamp="20231120 22:22:19.541" level="INFO">Opening url 'http://localhost:5001'</msg>
<status status="PASS" starttime="20231120 22:22:19.541" endtime="20231120 22:22:19.906"/>
</kw>
<status status="PASS" starttime="20231120 22:22:19.540" endtime="20231120 22:22:19.906"/>
</kw>
<kw name="Click Link" library="SeleniumLibrary">
<arg>Login</arg>
<doc>Clicks a link identified by ``locator``.</doc>
<msg timestamp="20231120 22:22:19.907" level="INFO">Clicking link 'Login'.</msg>
<status status="PASS" starttime="20231120 22:22:19.907" endtime="20231120 22:22:20.148"/>
</kw>
<kw name="Login Page Should Be Open" library="resource">
<kw name="Title Should Be" library="SeleniumLibrary">
<arg>Login</arg>
<doc>Verifies that the current page title equals ``title``.</doc>
<msg timestamp="20231120 22:22:20.152" level="INFO">Page title is 'Login'.</msg>
<status status="PASS" starttime="20231120 22:22:20.148" endtime="20231120 22:22:20.152"/>
</kw>
<status status="PASS" starttime="20231120 22:22:20.148" endtime="20231120 22:22:20.152"/>
</kw>
<status status="PASS" starttime="20231120 22:22:19.540" endtime="20231120 22:22:20.152"/>
</test>
<test id="s1-s1-t2" name="Click Register Link" line="12">
<kw name="Go To Starting Page" library="resource" type="SETUP">
<kw name="Go To" library="SeleniumLibrary">
<arg>${HOME_URL}</arg>
<doc>Navigates the current browser window to the provided ``url``.</doc>
<msg timestamp="20231120 22:22:20.153" level="INFO">Opening url 'http://localhost:5001'</msg>
<status status="PASS" starttime="20231120 22:22:20.153" endtime="20231120 22:22:20.254"/>
</kw>
<status status="PASS" starttime="20231120 22:22:20.153" endtime="20231120 22:22:20.254"/>
</kw>
<kw name="Click Link" library="SeleniumLibrary">
<arg>Register new user</arg>
<doc>Clicks a link identified by ``locator``.</doc>
<msg timestamp="20231120 22:22:20.254" level="INFO">Clicking link 'Register new user'.</msg>
<status status="PASS" starttime="20231120 22:22:20.254" endtime="20231120 22:22:20.464"/>
</kw>
<kw name="Register Page Should Be Open" library="resource">
<kw name="Title Should Be" library="SeleniumLibrary">
<arg>Register</arg>
<doc>Verifies that the current page title equals ``title``.</doc>
<msg timestamp="20231120 22:22:20.468" level="INFO">Page title is 'Register'.</msg>
<status status="PASS" starttime="20231120 22:22:20.464" endtime="20231120 22:22:20.468"/>
</kw>
<status status="PASS" starttime="20231120 22:22:20.464" endtime="20231120 22:22:20.468"/>
</kw>
<status status="PASS" starttime="20231120 22:22:20.153" endtime="20231120 22:22:20.468"/>
</test>
<kw name="Close Browser" library="SeleniumLibrary" type="TEARDOWN">
<doc>Closes the current browser.</doc>
<status status="PASS" starttime="20231120 22:22:20.469" endtime="20231120 22:22:22.518"/>
</kw>
<status status="PASS" starttime="20231120 22:22:15.955" endtime="20231120 22:22:22.518"/>
</suite>
<suite id="s1-s2" name="Login" source="C:\Users\micro\Documents\GitHub\ohtu2023\viikko-3\web-login\src\tests\login.robot">
<kw name="Open And Configure Browser" library="resource" type="SETUP">
<kw name="Evaluate" library="BuiltIn">
<var>${options}</var>
<arg>sys.modules['selenium.webdriver'].ChromeOptions()</arg>
<arg>sys</arg>
<doc>Evaluates the given expression in Python and returns the result.</doc>
<msg timestamp="20231120 22:22:22.524" level="INFO">${options} = &lt;selenium.webdriver.chrome.options.Options object at 0x000001B27F88F7D0&gt;</msg>
<status status="PASS" starttime="20231120 22:22:22.524" endtime="20231120 22:22:22.524"/>
</kw>
<kw name="Call Method" library="BuiltIn">
<arg>${options}</arg>
<arg>add_argument</arg>
<arg>--no-sandbox</arg>
<doc>Calls the named method of the given object with the provided arguments.</doc>
<status status="PASS" starttime="20231120 22:22:22.524" endtime="20231120 22:22:22.524"/>
</kw>
<kw name="Call Method" library="BuiltIn">
<arg>${options}</arg>
<arg>add_argument</arg>
<arg>--headless</arg>
<doc>Calls the named method of the given object with the provided arguments.</doc>
<status status="PASS" starttime="20231120 22:22:22.524" endtime="20231120 22:22:22.525"/>
</kw>
<kw name="Open Browser" library="SeleniumLibrary">
<arg>browser=chrome</arg>
<arg>options=${options}</arg>
<doc>Opens a new browser instance to the optional ``url``.</doc>
<msg timestamp="20231120 22:22:22.525" level="INFO">Opening browser 'chrome' to base url 'None'.</msg>
<status status="PASS" starttime="20231120 22:22:22.525" endtime="20231120 22:22:23.862"/>
</kw>
<kw name="Set Selenium Speed" library="SeleniumLibrary">
<arg>${DELAY}</arg>
<doc>Sets the delay that is waited after each Selenium command.</doc>
<status status="PASS" starttime="20231120 22:22:23.862" endtime="20231120 22:22:23.862"/>
</kw>
<status status="PASS" starttime="20231120 22:22:22.524" endtime="20231120 22:22:23.862"/>
</kw>
<test id="s1-s2-t1" name="Login With Correct Credentials" line="8">
<kw name="Create User And Go To Login Page" type="SETUP">
<kw name="Create User" library="AppLibrary">
<arg>kalle</arg>
<arg>kalle123</arg>
<status status="PASS" starttime="20231120 22:22:23.863" endtime="20231120 22:22:29.879"/>
</kw>
<kw name="Go To Login Page" library="resource">
<kw name="Go To" library="SeleniumLibrary">
<arg>${LOGIN_URL}</arg>
<doc>Navigates the current browser window to the provided ``url``.</doc>
<msg timestamp="20231120 22:22:29.879" level="INFO">Opening url 'http://localhost:5001/login'</msg>
<status status="PASS" starttime="20231120 22:22:29.879" endtime="20231120 22:22:30.239"/>
</kw>
<status status="PASS" starttime="20231120 22:22:29.879" endtime="20231120 22:22:30.239"/>
</kw>
<kw name="Login Page Should Be Open" library="resource">
<kw name="Title Should Be" library="SeleniumLibrary">
<arg>Login</arg>
<doc>Verifies that the current page title equals ``title``.</doc>
<msg timestamp="20231120 22:22:30.244" level="INFO">Page title is 'Login'.</msg>
<status status="PASS" starttime="20231120 22:22:30.239" endtime="20231120 22:22:30.244"/>
</kw>
<status status="PASS" starttime="20231120 22:22:30.239" endtime="20231120 22:22:30.244"/>
</kw>
<status status="PASS" starttime="20231120 22:22:23.863" endtime="20231120 22:22:30.244"/>
</kw>
<kw name="Login With Credentials" library="resource">
<arg>kalle</arg>
<arg>kalle123</arg>
<kw name="Set Username" library="resource">
<arg>${username}</arg>
<kw name="Input Text" library="SeleniumLibrary">
<arg>username</arg>
<arg>${username}</arg>
<doc>Types the given ``text`` into the text field identified by ``locator``.</doc>
<msg timestamp="20231120 22:22:30.245" level="INFO">Typing text 'kalle' into text field 'username'.</msg>
<status status="PASS" starttime="20231120 22:22:30.244" endtime="20231120 22:22:30.314"/>
</kw>
<status status="PASS" starttime="20231120 22:22:30.244" endtime="20231120 22:22:30.314"/>
</kw>
<kw name="Set Password" library="resource">
<arg>${password}</arg>
<kw name="Input Password" library="SeleniumLibrary">
<arg>password</arg>
<arg>${password}</arg>
<doc>Types the given password into the text field identified by ``locator``.</doc>
<msg timestamp="20231120 22:22:30.314" level="INFO">Typing password into text field 'password'.</msg>
<msg timestamp="20231120 22:22:30.341" level="INFO">Temporally setting log level to: NONE</msg>
<msg timestamp="20231120 22:22:30.371" level="INFO">Log level changed from NONE to INFO.</msg>
<status status="PASS" starttime="20231120 22:22:30.314" endtime="20231120 22:22:30.371"/>
</kw>
<status status="PASS" starttime="20231120 22:22:30.314" endtime="20231120 22:22:30.371"/>
</kw>
<kw name="Submit Credentials" library="resource">
<kw name="Click Button" library="SeleniumLibrary">
<arg>Login</arg>
<doc>Clicks the button identified by ``locator``.</doc>
<msg timestamp="20231120 22:22:30.372" level="INFO">Clicking button 'Login'.</msg>
<status status="PASS" starttime="20231120 22:22:30.372" endtime="20231120 22:22:30.720"/>
</kw>
<status status="PASS" starttime="20231120 22:22:30.371" endtime="20231120 22:22:30.720"/>
</kw>
<status status="PASS" starttime="20231120 22:22:30.244" endtime="20231120 22:22:30.720"/>
</kw>
<kw name="Login Should Succeed" library="resource">
<kw name="Main Page Should Be Open" library="resource">
<kw name="Title Should Be" library="SeleniumLibrary">
<arg>Ohtu Application main page</arg>
<doc>Verifies that the current page title equals ``title``.</doc>
<msg timestamp="20231120 22:22:30.724" level="INFO">Page title is 'Ohtu Application main page'.</msg>
<status status="PASS" starttime="20231120 22:22:30.720" endtime="20231120 22:22:30.724"/>
</kw>
<status status="PASS" starttime="20231120 22:22:30.720" endtime="20231120 22:22:30.724"/>
</kw>
<status status="PASS" starttime="20231120 22:22:30.720" endtime="20231120 22:22:30.724"/>
</kw>
<status status="PASS" starttime="20231120 22:22:23.863" endtime="20231120 22:22:30.725"/>
</test>
<test id="s1-s2-t2" name="Login With Incorrect Password" line="12">
<kw name="Create User And Go To Login Page" type="SETUP">
<kw name="Create User" library="AppLibrary">
<arg>kalle</arg>
<arg>kalle123</arg>
<status status="PASS" starttime="20231120 22:22:30.726" endtime="20231120 22:22:36.739"/>
</kw>
<kw name="Go To Login Page" library="resource">
<kw name="Go To" library="SeleniumLibrary">
<arg>${LOGIN_URL}</arg>
<doc>Navigates the current browser window to the provided ``url``.</doc>
<msg timestamp="20231120 22:22:36.740" level="INFO">Opening url 'http://localhost:5001/login'</msg>
<status status="PASS" starttime="20231120 22:22:36.740" endtime="20231120 22:22:36.749"/>
</kw>
<status status="PASS" starttime="20231120 22:22:36.740" endtime="20231120 22:22:36.749"/>
</kw>
<kw name="Login Page Should Be Open" library="resource">
<kw name="Title Should Be" library="SeleniumLibrary">
<arg>Login</arg>
<doc>Verifies that the current page title equals ``title``.</doc>
<msg timestamp="20231120 22:22:36.752" level="INFO">Page title is 'Login'.</msg>
<status status="PASS" starttime="20231120 22:22:36.749" endtime="20231120 22:22:36.752"/>
</kw>
<status status="PASS" starttime="20231120 22:22:36.749" endtime="20231120 22:22:36.752"/>
</kw>
<status status="PASS" starttime="20231120 22:22:30.725" endtime="20231120 22:22:36.752"/>
</kw>
<kw name="Login With Credentials" library="resource">
<arg>kalle</arg>
<arg>kalle456</arg>
<kw name="Set Username" library="resource">
<arg>${username}</arg>
<kw name="Input Text" library="SeleniumLibrary">
<arg>username</arg>
<arg>${username}</arg>
<doc>Types the given ``text`` into the text field identified by ``locator``.</doc>
<msg timestamp="20231120 22:22:36.753" level="INFO">Typing text 'kalle' into text field 'username'.</msg>
<status status="PASS" starttime="20231120 22:22:36.752" endtime="20231120 22:22:36.800"/>
</kw>
<status status="PASS" starttime="20231120 22:22:36.752" endtime="20231120 22:22:36.800"/>
</kw>
<kw name="Set Password" library="resource">
<arg>${password}</arg>
<kw name="Input Password" library="SeleniumLibrary">
<arg>password</arg>
<arg>${password}</arg>
<doc>Types the given password into the text field identified by ``locator``.</doc>
<msg timestamp="20231120 22:22:36.801" level="INFO">Typing password into text field 'password'.</msg>
<msg timestamp="20231120 22:22:36.821" level="INFO">Temporally setting log level to: NONE</msg>
<msg timestamp="20231120 22:22:36.849" level="INFO">Log level changed from NONE to INFO.</msg>
<status status="PASS" starttime="20231120 22:22:36.801" endtime="20231120 22:22:36.849"/>
</kw>
<status status="PASS" starttime="20231120 22:22:36.800" endtime="20231120 22:22:36.849"/>
</kw>
<kw name="Submit Credentials" library="resource">
<kw name="Click Button" library="SeleniumLibrary">
<arg>Login</arg>
<doc>Clicks the button identified by ``locator``.</doc>
<msg timestamp="20231120 22:22:36.849" level="INFO">Clicking button 'Login'.</msg>
<status status="PASS" starttime="20231120 22:22:36.849" endtime="20231120 22:22:37.439"/>
</kw>
<status status="PASS" starttime="20231120 22:22:36.849" endtime="20231120 22:22:37.439"/>
</kw>
<status status="PASS" starttime="20231120 22:22:36.752" endtime="20231120 22:22:37.439"/>
</kw>
<kw name="Login Should Fail With Message" library="resource">
<arg>Invalid username or password</arg>
<kw name="Login Page Should Be Open" library="resource">
<kw name="Title Should Be" library="SeleniumLibrary">
<arg>Login</arg>
<doc>Verifies that the current page title equals ``title``.</doc>
<msg timestamp="20231120 22:22:37.443" level="INFO">Page title is 'Login'.</msg>
<status status="PASS" starttime="20231120 22:22:37.440" endtime="20231120 22:22:37.443"/>
</kw>
<status status="PASS" starttime="20231120 22:22:37.440" endtime="20231120 22:22:37.443"/>
</kw>
<kw name="Page Should Contain" library="SeleniumLibrary">
<arg>${message}</arg>
<doc>Verifies that current page contains ``text``.</doc>
<msg timestamp="20231120 22:22:37.453" level="INFO">Current page contains text 'Invalid username or password'.</msg>
<status status="PASS" starttime="20231120 22:22:37.444" endtime="20231120 22:22:37.454"/>
</kw>
<status status="PASS" starttime="20231120 22:22:37.440" endtime="20231120 22:22:37.454"/>
</kw>
<status status="PASS" starttime="20231120 22:22:30.725" endtime="20231120 22:22:37.454"/>
</test>
<test id="s1-s2-t3" name="Login With Nonexistent Username" line="16">
<kw name="Create User And Go To Login Page" type="SETUP">
<kw name="Create User" library="AppLibrary">
<arg>kalle</arg>
<arg>kalle123</arg>
<status status="PASS" starttime="20231120 22:22:37.455" endtime="20231120 22:22:43.470"/>
</kw>
<kw name="Go To Login Page" library="resource">
<kw name="Go To" library="SeleniumLibrary">
<arg>${LOGIN_URL}</arg>
<doc>Navigates the current browser window to the provided ``url``.</doc>
<msg timestamp="20231120 22:22:43.472" level="INFO">Opening url 'http://localhost:5001/login'</msg>
<status status="PASS" starttime="20231120 22:22:43.471" endtime="20231120 22:22:43.480"/>
</kw>
<status status="PASS" starttime="20231120 22:22:43.471" endtime="20231120 22:22:43.480"/>
</kw>
<kw name="Login Page Should Be Open" library="resource">
<kw name="Title Should Be" library="SeleniumLibrary">
<arg>Login</arg>
<doc>Verifies that the current page title equals ``title``.</doc>
<msg timestamp="20231120 22:22:43.483" level="INFO">Page title is 'Login'.</msg>
<status status="PASS" starttime="20231120 22:22:43.480" endtime="20231120 22:22:43.483"/>
</kw>
<status status="PASS" starttime="20231120 22:22:43.480" endtime="20231120 22:22:43.483"/>
</kw>
<status status="PASS" starttime="20231120 22:22:37.455" endtime="20231120 22:22:43.483"/>
</kw>
<kw name="Login With Credentials" library="resource">
<arg>nobody</arg>
<arg>kalle123</arg>
<kw name="Set Username" library="resource">
<arg>${username}</arg>
<kw name="Input Text" library="SeleniumLibrary">
<arg>username</arg>
<arg>${username}</arg>
<doc>Types the given ``text`` into the text field identified by ``locator``.</doc>
<msg timestamp="20231120 22:22:43.484" level="INFO">Typing text 'nobody' into text field 'username'.</msg>
<status status="PASS" starttime="20231120 22:22:43.484" endtime="20231120 22:22:43.532"/>
</kw>
<status status="PASS" starttime="20231120 22:22:43.484" endtime="20231120 22:22:43.532"/>
</kw>
<kw name="Set Password" library="resource">
<arg>${password}</arg>
<kw name="Input Password" library="SeleniumLibrary">
<arg>password</arg>
<arg>${password}</arg>
<doc>Types the given password into the text field identified by ``locator``.</doc>
<msg timestamp="20231120 22:22:43.533" level="INFO">Typing password into text field 'password'.</msg>
<msg timestamp="20231120 22:22:43.556" level="INFO">Temporally setting log level to: NONE</msg>
<msg timestamp="20231120 22:22:43.584" level="INFO">Log level changed from NONE to INFO.</msg>
<status status="PASS" starttime="20231120 22:22:43.532" endtime="20231120 22:22:43.584"/>
</kw>
<status status="PASS" starttime="20231120 22:22:43.532" endtime="20231120 22:22:43.584"/>
</kw>
<kw name="Submit Credentials" library="resource">
<kw name="Click Button" library="SeleniumLibrary">
<arg>Login</arg>
<doc>Clicks the button identified by ``locator``.</doc>
<msg timestamp="20231120 22:22:43.585" level="INFO">Clicking button 'Login'.</msg>
<status status="PASS" starttime="20231120 22:22:43.585" endtime="20231120 22:22:44.172"/>
</kw>
<status status="PASS" starttime="20231120 22:22:43.585" endtime="20231120 22:22:44.172"/>
</kw>
<status status="PASS" starttime="20231120 22:22:43.483" endtime="20231120 22:22:44.172"/>
</kw>
<kw name="Login Should Fail With Message" library="resource">
<arg>Invalid username or password</arg>
<kw name="Login Page Should Be Open" library="resource">
<kw name="Title Should Be" library="SeleniumLibrary">
<arg>Login</arg>
<doc>Verifies that the current page title equals ``title``.</doc>
<msg timestamp="20231120 22:22:44.176" level="INFO">Page title is 'Login'.</msg>
<status status="PASS" starttime="20231120 22:22:44.173" endtime="20231120 22:22:44.176"/>
</kw>
<status status="PASS" starttime="20231120 22:22:44.172" endtime="20231120 22:22:44.176"/>
</kw>
<kw name="Page Should Contain" library="SeleniumLibrary">
<arg>${message}</arg>
<doc>Verifies that current page contains ``text``.</doc>
<msg timestamp="20231120 22:22:44.183" level="INFO">Current page contains text 'Invalid username or password'.</msg>
<status status="PASS" starttime="20231120 22:22:44.176" endtime="20231120 22:22:44.183"/>
</kw>
<status status="PASS" starttime="20231120 22:22:44.172" endtime="20231120 22:22:44.183"/>
</kw>
<status status="PASS" starttime="20231120 22:22:37.454" endtime="20231120 22:22:44.183"/>
</test>
<kw name="Close Browser" library="SeleniumLibrary" type="TEARDOWN">
<doc>Closes the current browser.</doc>
<status status="PASS" starttime="20231120 22:22:44.184" endtime="20231120 22:22:46.232"/>
</kw>
<status status="PASS" starttime="20231120 22:22:22.518" endtime="20231120 22:22:46.232"/>
</suite>
<suite id="s1-s3" name="Register" source="C:\Users\micro\Documents\GitHub\ohtu2023\viikko-3\web-login\src\tests\register.robot">
<kw name="Open And Configure Browser" library="resource" type="SETUP">
<kw name="Evaluate" library="BuiltIn">
<var>${options}</var>
<arg>sys.modules['selenium.webdriver'].ChromeOptions()</arg>
<arg>sys</arg>
<doc>Evaluates the given expression in Python and returns the result.</doc>
<msg timestamp="20231120 22:22:46.237" level="INFO">${options} = &lt;selenium.webdriver.chrome.options.Options object at 0x000001B27F88FE10&gt;</msg>
<status status="PASS" starttime="20231120 22:22:46.237" endtime="20231120 22:22:46.237"/>
</kw>
<kw name="Call Method" library="BuiltIn">
<arg>${options}</arg>
<arg>add_argument</arg>
<arg>--no-sandbox</arg>
<doc>Calls the named method of the given object with the provided arguments.</doc>
<status status="PASS" starttime="20231120 22:22:46.237" endtime="20231120 22:22:46.237"/>
</kw>
<kw name="Call Method" library="BuiltIn">
<arg>${options}</arg>
<arg>add_argument</arg>
<arg>--headless</arg>
<doc>Calls the named method of the given object with the provided arguments.</doc>
<status status="PASS" starttime="20231120 22:22:46.238" endtime="20231120 22:22:46.238"/>
</kw>
<kw name="Open Browser" library="SeleniumLibrary">
<arg>browser=chrome</arg>
<arg>options=${options}</arg>
<doc>Opens a new browser instance to the optional ``url``.</doc>
<msg timestamp="20231120 22:22:46.238" level="INFO">Opening browser 'chrome' to base url 'None'.</msg>
<status status="PASS" starttime="20231120 22:22:46.238" endtime="20231120 22:22:47.585"/>
</kw>
<kw name="Set Selenium Speed" library="SeleniumLibrary">
<arg>${DELAY}</arg>
<doc>Sets the delay that is waited after each Selenium command.</doc>
<status status="PASS" starttime="20231120 22:22:47.585" endtime="20231120 22:22:47.585"/>
</kw>
<status status="PASS" starttime="20231120 22:22:46.237" endtime="20231120 22:22:47.585"/>
</kw>
<test id="s1-s3-t1" name="Register With Valid Username And Password" line="8">
<kw name="Run Keywords" library="BuiltIn" type="SETUP">
<arg>Reset Application</arg>
<arg>Go To Register Page</arg>
<doc>Executes all the given keywords in a sequence.</doc>
<kw name="Reset Application" library="AppLibrary">
<status status="PASS" starttime="20231120 22:22:47.586" endtime="20231120 22:22:51.597"/>
</kw>
<kw name="Go To Register Page" library="resource">
<kw name="Go To" library="SeleniumLibrary">
<arg>${REGISTER_URL}</arg>
<doc>Navigates the current browser window to the provided ``url``.</doc>
<msg timestamp="20231120 22:22:51.598" level="INFO">Opening url 'http://localhost:5001/register'</msg>
<status status="PASS" starttime="20231120 22:22:51.598" endtime="20231120 22:22:51.961"/>
</kw>
<status status="PASS" starttime="20231120 22:22:51.597" endtime="20231120 22:22:51.961"/>
</kw>
<status status="PASS" starttime="20231120 22:22:47.586" endtime="20231120 22:22:51.961"/>
</kw>
<kw name="Set Username" library="resource">
<arg>kalle</arg>
<kw name="Input Text" library="SeleniumLibrary">
<arg>username</arg>
<arg>${username}</arg>
<doc>Types the given ``text`` into the text field identified by ``locator``.</doc>
<msg timestamp="20231120 22:22:51.961" level="INFO">Typing text 'kalle' into text field 'username'.</msg>
<status status="PASS" starttime="20231120 22:22:51.961" endtime="20231120 22:22:52.026"/>
</kw>
<status status="PASS" starttime="20231120 22:22:51.961" endtime="20231120 22:22:52.026"/>
</kw>
<kw name="Set Password" library="resource">
<arg>kalle123</arg>
<kw name="Input Password" library="SeleniumLibrary">
<arg>password</arg>
<arg>${password}</arg>
<doc>Types the given password into the text field identified by ``locator``.</doc>
<msg timestamp="20231120 22:22:52.028" level="INFO">Typing password into text field 'password'.</msg>
<msg timestamp="20231120 22:22:52.050" level="INFO">Temporally setting log level to: NONE</msg>
<msg timestamp="20231120 22:22:52.078" level="INFO">Log level changed from NONE to INFO.</msg>
<status status="PASS" starttime="20231120 22:22:52.028" endtime="20231120 22:22:52.079"/>
</kw>
<status status="PASS" starttime="20231120 22:22:52.026" endtime="20231120 22:22:52.079"/>
</kw>
<kw name="Set Password Confirmation">
<arg>kalle123</arg>
<kw name="Input Password" library="SeleniumLibrary">
<arg>password_confirmation</arg>
<arg>${password}</arg>
<doc>Types the given password into the text field identified by ``locator``.</doc>
<msg timestamp="20231120 22:22:52.079" level="INFO">Typing password into text field 'password_confirmation'.</msg>
<msg timestamp="20231120 22:22:52.102" level="INFO">Temporally setting log level to: NONE</msg>
<msg timestamp="20231120 22:22:52.131" level="INFO">Log level changed from NONE to INFO.</msg>
<status status="PASS" starttime="20231120 22:22:52.079" endtime="20231120 22:22:52.131"/>
</kw>
<status status="PASS" starttime="20231120 22:22:52.079" endtime="20231120 22:22:52.131"/>
</kw>
<kw name="Click Button" library="SeleniumLibrary">
<arg>Register</arg>
<doc>Clicks the button identified by ``locator``.</doc>
<msg timestamp="20231120 22:22:52.131" level="INFO">Clicking button 'Register'.</msg>
<status status="PASS" starttime="20231120 22:22:52.131" endtime="20231120 22:22:52.479"/>
</kw>
<kw name="Register Should Succeed">
<kw name="Welcome Page Should Be Open" library="resource">
<kw name="Page Should Contain" library="SeleniumLibrary">
<arg>Welcome to Ohtu Application!</arg>
<doc>Verifies that current page contains ``text``.</doc>
<msg timestamp="20231120 22:22:52.490" level="INFO">Current page contains text 'Welcome to Ohtu Application!'.</msg>
<status status="PASS" starttime="20231120 22:22:52.480" endtime="20231120 22:22:52.490"/>
</kw>
<status status="PASS" starttime="20231120 22:22:52.479" endtime="20231120 22:22:52.490"/>
</kw>
<status status="PASS" starttime="20231120 22:22:52.479" endtime="20231120 22:22:52.490"/>
</kw>
<status status="PASS" starttime="20231120 22:22:47.585" endtime="20231120 22:22:52.491"/>
</test>
<test id="s1-s3-t2" name="Register With Too Short Username And Valid Password" line="15">
<kw name="Run Keywords" library="BuiltIn" type="SETUP">
<arg>Reset Application</arg>
<arg>Go To Register Page</arg>
<doc>Executes all the given keywords in a sequence.</doc>
<kw name="Reset Application" library="AppLibrary">
<status status="PASS" starttime="20231120 22:22:52.492" endtime="20231120 22:22:56.503"/>
</kw>
<kw name="Go To Register Page" library="resource">
<kw name="Go To" library="SeleniumLibrary">
<arg>${REGISTER_URL}</arg>
<doc>Navigates the current browser window to the provided ``url``.</doc>
<msg timestamp="20231120 22:22:56.503" level="INFO">Opening url 'http://localhost:5001/register'</msg>
<status status="PASS" starttime="20231120 22:22:56.503" endtime="20231120 22:22:56.510"/>
</kw>
<status status="PASS" starttime="20231120 22:22:56.503" endtime="20231120 22:22:56.510"/>
</kw>
<status status="PASS" starttime="20231120 22:22:52.492" endtime="20231120 22:22:56.510"/>
</kw>
<kw name="Set Username" library="resource">
<arg>k</arg>
<kw name="Input Text" library="SeleniumLibrary">
<arg>username</arg>
<arg>${username}</arg>
<doc>Types the given ``text`` into the text field identified by ``locator``.</doc>
<msg timestamp="20231120 22:22:56.511" level="INFO">Typing text 'k' into text field 'username'.</msg>
<status status="PASS" starttime="20231120 22:22:56.511" endtime="20231120 22:22:56.558"/>
</kw>
<status status="PASS" starttime="20231120 22:22:56.511" endtime="20231120 22:22:56.559"/>
</kw>
<kw name="Set Password" library="resource">
<arg>kalle123</arg>
<kw name="Input Password" library="SeleniumLibrary">
<arg>password</arg>
<arg>${password}</arg>
<doc>Types the given password into the text field identified by ``locator``.</doc>
<msg timestamp="20231120 22:22:56.559" level="INFO">Typing password into text field 'password'.</msg>
<msg timestamp="20231120 22:22:56.580" level="INFO">Temporally setting log level to: NONE</msg>
<msg timestamp="20231120 22:22:56.606" level="INFO">Log level changed from NONE to INFO.</msg>
<status status="PASS" starttime="20231120 22:22:56.559" endtime="20231120 22:22:56.606"/>
</kw>
<status status="PASS" starttime="20231120 22:22:56.559" endtime="20231120 22:22:56.606"/>
</kw>
<kw name="Set Password Confirmation">
<arg>kalle123</arg>
<kw name="Input Password" library="SeleniumLibrary">
<arg>password_confirmation</arg>
<arg>${password}</arg>
<doc>Types the given password into the text field identified by ``locator``.</doc>
<msg timestamp="20231120 22:22:56.607" level="INFO">Typing password into text field 'password_confirmation'.</msg>
<msg timestamp="20231120 22:22:56.629" level="INFO">Temporally setting log level to: NONE</msg>
<msg timestamp="20231120 22:22:56.655" level="INFO">Log level changed from NONE to INFO.</msg>
<status status="PASS" starttime="20231120 22:22:56.607" endtime="20231120 22:22:56.655"/>
</kw>
<status status="PASS" starttime="20231120 22:22:56.607" endtime="20231120 22:22:56.655"/>
</kw>
<kw name="Click Button" library="SeleniumLibrary">
<arg>Register</arg>
<doc>Clicks the button identified by ``locator``.</doc>
<msg timestamp="20231120 22:22:56.655" level="INFO">Clicking button 'Register'.</msg>
<status status="PASS" starttime="20231120 22:22:56.655" endtime="20231120 22:22:57.246"/>
</kw>
<kw name="Register Should Fail With Message">
<arg>Username is invalid</arg>
<kw name="Register Page Should Be Open" library="resource">
<kw name="Title Should Be" library="SeleniumLibrary">
<arg>Register</arg>
<doc>Verifies that the current page title equals ``title``.</doc>
<msg timestamp="20231120 22:22:57.250" level="INFO">Page title is 'Register'.</msg>
<status status="PASS" starttime="20231120 22:22:57.246" endtime="20231120 22:22:57.250"/>
</kw>
<status status="PASS" starttime="20231120 22:22:57.246" endtime="20231120 22:22:57.250"/>
</kw>
<kw name="Page Should Contain" library="SeleniumLibrary">
<arg>${message}</arg>
<doc>Verifies that current page contains ``text``.</doc>
<msg timestamp="20231120 22:22:57.260" level="INFO">Current page contains text 'Username is invalid'.</msg>
<status status="PASS" starttime="20231120 22:22:57.250" endtime="20231120 22:22:57.260"/>
</kw>
<status status="PASS" starttime="20231120 22:22:57.246" endtime="20231120 22:22:57.260"/>
</kw>
<status status="PASS" starttime="20231120 22:22:52.491" endtime="20231120 22:22:57.260"/>
</test>
<test id="s1-s3-t3" name="Register With Valid Username And Invalid Password" line="22">
<kw name="Run Keywords" library="BuiltIn" type="SETUP">
<arg>Reset Application</arg>
<arg>Go To Register Page</arg>
<doc>Executes all the given keywords in a sequence.</doc>
<kw name="Reset Application" library="AppLibrary">
<status status="PASS" starttime="20231120 22:22:57.261" endtime="20231120 22:23:01.271"/>
</kw>
<kw name="Go To Register Page" library="resource">
<kw name="Go To" library="SeleniumLibrary">
<arg>${REGISTER_URL}</arg>
<doc>Navigates the current browser window to the provided ``url``.</doc>
<msg timestamp="20231120 22:23:01.272" level="INFO">Opening url 'http://localhost:5001/register'</msg>
<status status="PASS" starttime="20231120 22:23:01.272" endtime="20231120 22:23:01.279"/>
</kw>
<status status="PASS" starttime="20231120 22:23:01.271" endtime="20231120 22:23:01.279"/>
</kw>
<status status="PASS" starttime="20231120 22:22:57.261" endtime="20231120 22:23:01.279"/>
</kw>
<kw name="Set Username" library="resource">
<arg>kalle</arg>
<kw name="Input Text" library="SeleniumLibrary">
<arg>username</arg>
<arg>${username}</arg>
<doc>Types the given ``text`` into the text field identified by ``locator``.</doc>
<msg timestamp="20231120 22:23:01.280" level="INFO">Typing text 'kalle' into text field 'username'.</msg>
<status status="PASS" starttime="20231120 22:23:01.280" endtime="20231120 22:23:01.333"/>
</kw>
<status status="PASS" starttime="20231120 22:23:01.280" endtime="20231120 22:23:01.333"/>
</kw>
<kw name="Set Password" library="resource">
<arg>kalle</arg>
<kw name="Input Password" library="SeleniumLibrary">
<arg>password</arg>
<arg>${password}</arg>
<doc>Types the given password into the text field identified by ``locator``.</doc>
<msg timestamp="20231120 22:23:01.334" level="INFO">Typing password into text field 'password'.</msg>
<msg timestamp="20231120 22:23:01.355" level="INFO">Temporally setting log level to: NONE</msg>
<msg timestamp="20231120 22:23:01.383" level="INFO">Log level changed from NONE to INFO.</msg>
<status status="PASS" starttime="20231120 22:23:01.334" endtime="20231120 22:23:01.383"/>
</kw>
<status status="PASS" starttime="20231120 22:23:01.334" endtime="20231120 22:23:01.383"/>
</kw>
<kw name="Set Password Confirmation">
<arg>kalle</arg>
<kw name="Input Password" library="SeleniumLibrary">
<arg>password_confirmation</arg>
<arg>${password}</arg>
<doc>Types the given password into the text field identified by ``locator``.</doc>
<msg timestamp="20231120 22:23:01.383" level="INFO">Typing password into text field 'password_confirmation'.</msg>
<msg timestamp="20231120 22:23:01.404" level="INFO">Temporally setting log level to: NONE</msg>
<msg timestamp="20231120 22:23:01.432" level="INFO">Log level changed from NONE to INFO.</msg>
<status status="PASS" starttime="20231120 22:23:01.383" endtime="20231120 22:23:01.432"/>
</kw>
<status status="PASS" starttime="20231120 22:23:01.383" endtime="20231120 22:23:01.432"/>
</kw>
<kw name="Click Button" library="SeleniumLibrary">
<arg>Register</arg>
<doc>Clicks the button identified by ``locator``.</doc>
<msg timestamp="20231120 22:23:01.432" level="INFO">Clicking button 'Register'.</msg>
<status status="PASS" starttime="20231120 22:23:01.432" endtime="20231120 22:23:02.020"/>
</kw>
<kw name="Register Should Fail With Message">
<arg>Password is too weak</arg>
<kw name="Register Page Should Be Open" library="resource">
<kw name="Title Should Be" library="SeleniumLibrary">
<arg>Register</arg>
<doc>Verifies that the current page title equals ``title``.</doc>
<msg timestamp="20231120 22:23:02.024" level="INFO">Page title is 'Register'.</msg>
<status status="PASS" starttime="20231120 22:23:02.022" endtime="20231120 22:23:02.025"/>
</kw>
<status status="PASS" starttime="20231120 22:23:02.020" endtime="20231120 22:23:02.025"/>
</kw>
<kw name="Page Should Contain" library="SeleniumLibrary">
<arg>${message}</arg>
<doc>Verifies that current page contains ``text``.</doc>
<msg timestamp="20231120 22:23:02.034" level="INFO">Current page contains text 'Password is too weak'.</msg>
<status status="PASS" starttime="20231120 22:23:02.025" endtime="20231120 22:23:02.034"/>
</kw>
<status status="PASS" starttime="20231120 22:23:02.020" endtime="20231120 22:23:02.034"/>
</kw>
<status status="PASS" starttime="20231120 22:22:57.261" endtime="20231120 22:23:02.035"/>
</test>
<test id="s1-s3-t4" name="Register With Nonmatching Password And Password Confirmation" line="29">
<kw name="Run Keywords" library="BuiltIn" type="SETUP">
<arg>Reset Application</arg>
<arg>Go To Register Page</arg>
<doc>Executes all the given keywords in a sequence.</doc>
<kw name="Reset Application" library="AppLibrary">
<status status="PASS" starttime="20231120 22:23:02.035" endtime="20231120 22:23:06.046"/>
</kw>
<kw name="Go To Register Page" library="resource">
<kw name="Go To" library="SeleniumLibrary">
<arg>${REGISTER_URL}</arg>
<doc>Navigates the current browser window to the provided ``url``.</doc>
<msg timestamp="20231120 22:23:06.047" level="INFO">Opening url 'http://localhost:5001/register'</msg>
<status status="PASS" starttime="20231120 22:23:06.047" endtime="20231120 22:23:06.056"/>
</kw>
<status status="PASS" starttime="20231120 22:23:06.046" endtime="20231120 22:23:06.056"/>
</kw>
<status status="PASS" starttime="20231120 22:23:02.035" endtime="20231120 22:23:06.056"/>
</kw>
<kw name="Set Username" library="resource">
<arg>kalle</arg>
<kw name="Input Text" library="SeleniumLibrary">
<arg>username</arg>
<arg>${username}</arg>
<doc>Types the given ``text`` into the text field identified by ``locator``.</doc>
<msg timestamp="20231120 22:23:06.057" level="INFO">Typing text 'kalle' into text field 'username'.</msg>
<status status="PASS" starttime="20231120 22:23:06.057" endtime="20231120 22:23:06.103"/>
</kw>
<status status="PASS" starttime="20231120 22:23:06.057" endtime="20231120 22:23:06.103"/>
</kw>
<kw name="Set Password" library="resource">
<arg>kalle123</arg>
<kw name="Input Password" library="SeleniumLibrary">
<arg>password</arg>
<arg>${password}</arg>
<doc>Types the given password into the text field identified by ``locator``.</doc>
<msg timestamp="20231120 22:23:06.105" level="INFO">Typing password into text field 'password'.</msg>
<msg timestamp="20231120 22:23:06.126" level="INFO">Temporally setting log level to: NONE</msg>
<msg timestamp="20231120 22:23:06.152" level="INFO">Log level changed from NONE to INFO.</msg>
<status status="PASS" starttime="20231120 22:23:06.105" endtime="20231120 22:23:06.152"/>
</kw>
<status status="PASS" starttime="20231120 22:23:06.105" endtime="20231120 22:23:06.152"/>
</kw>
<kw name="Set Password Confirmation">
<arg>123kalle</arg>
<kw name="Input Password" library="SeleniumLibrary">
<arg>password_confirmation</arg>
<arg>${password}</arg>
<doc>Types the given password into the text field identified by ``locator``.</doc>
<msg timestamp="20231120 22:23:06.153" level="INFO">Typing password into text field 'password_confirmation'.</msg>
<msg timestamp="20231120 22:23:06.173" level="INFO">Temporally setting log level to: NONE</msg>
<msg timestamp="20231120 22:23:06.200" level="INFO">Log level changed from NONE to INFO.</msg>
<status status="PASS" starttime="20231120 22:23:06.152" endtime="20231120 22:23:06.200"/>
</kw>
<status status="PASS" starttime="20231120 22:23:06.152" endtime="20231120 22:23:06.200"/>
</kw>
<kw name="Click Button" library="SeleniumLibrary">
<arg>Register</arg>
<doc>Clicks the button identified by ``locator``.</doc>
<msg timestamp="20231120 22:23:06.201" level="INFO">Clicking button 'Register'.</msg>
<status status="PASS" starttime="20231120 22:23:06.200" endtime="20231120 22:23:06.791"/>
</kw>
<kw name="Register Should Fail With Message">
<arg>Password confirmation does not match</arg>
<kw name="Register Page Should Be Open" library="resource">
<kw name="Title Should Be" library="SeleniumLibrary">
<arg>Register</arg>
<doc>Verifies that the current page title equals ``title``.</doc>
<msg timestamp="20231120 22:23:06.794" level="INFO">Page title is 'Register'.</msg>
<status status="PASS" starttime="20231120 22:23:06.792" endtime="20231120 22:23:06.794"/>
</kw>
<status status="PASS" starttime="20231120 22:23:06.792" endtime="20231120 22:23:06.794"/>
</kw>
<kw name="Page Should Contain" library="SeleniumLibrary">
<arg>${message}</arg>
<doc>Verifies that current page contains ``text``.</doc>
<msg timestamp="20231120 22:23:06.804" level="INFO">Current page contains text 'Password confirmation does not match'.</msg>
<status status="PASS" starttime="20231120 22:23:06.794" endtime="20231120 22:23:06.804"/>
</kw>
<status status="PASS" starttime="20231120 22:23:06.791" endtime="20231120 22:23:06.804"/>
</kw>
<status status="PASS" starttime="20231120 22:23:02.035" endtime="20231120 22:23:06.804"/>
</test>
<test id="s1-s3-t5" name="Login After Successful Registration" line="36">
<kw name="Run Keywords" library="BuiltIn" type="SETUP">
<arg>Reset Application</arg>
<arg>Go To Register Page</arg>
<doc>Executes all the given keywords in a sequence.</doc>
<kw name="Reset Application" library="AppLibrary">
<status status="PASS" starttime="20231120 22:23:06.805" endtime="20231120 22:23:10.815"/>
</kw>
<kw name="Go To Register Page" library="resource">
<kw name="Go To" library="SeleniumLibrary">
<arg>${REGISTER_URL}</arg>
<doc>Navigates the current browser window to the provided ``url``.</doc>
<msg timestamp="20231120 22:23:10.816" level="INFO">Opening url 'http://localhost:5001/register'</msg>
<status status="PASS" starttime="20231120 22:23:10.816" endtime="20231120 22:23:10.824"/>
</kw>
<status status="PASS" starttime="20231120 22:23:10.815" endtime="20231120 22:23:10.824"/>
</kw>
<status status="PASS" starttime="20231120 22:23:06.805" endtime="20231120 22:23:10.824"/>
</kw>
<kw name="Register User">
<arg>kalle</arg>
<arg>kalle123</arg>
<kw name="Set Username" library="resource">
<arg>${username}</arg>
<kw name="Input Text" library="SeleniumLibrary">
<arg>username</arg>
<arg>${username}</arg>
<doc>Types the given ``text`` into the text field identified by ``locator``.</doc>
<msg timestamp="20231120 22:23:10.825" level="INFO">Typing text 'kalle' into text field 'username'.</msg>
<status status="PASS" starttime="20231120 22:23:10.824" endtime="20231120 22:23:10.870"/>
</kw>
<status status="PASS" starttime="20231120 22:23:10.824" endtime="20231120 22:23:10.871"/>
</kw>
<kw name="Set Password" library="resource">
<arg>${password}</arg>
<kw name="Input Password" library="SeleniumLibrary">
<arg>password</arg>
<arg>${password}</arg>
<doc>Types the given password into the text field identified by ``locator``.</doc>
<msg timestamp="20231120 22:23:10.871" level="INFO">Typing password into text field 'password'.</msg>
<msg timestamp="20231120 22:23:10.892" level="INFO">Temporally setting log level to: NONE</msg>
<msg timestamp="20231120 22:23:10.918" level="INFO">Log level changed from NONE to INFO.</msg>
<status status="PASS" starttime="20231120 22:23:10.871" endtime="20231120 22:23:10.918"/>
</kw>
<status status="PASS" starttime="20231120 22:23:10.871" endtime="20231120 22:23:10.918"/>
</kw>
<kw name="Set Password Confirmation">
<arg>${password}</arg>
<kw name="Input Password" library="SeleniumLibrary">
<arg>password_confirmation</arg>
<arg>${password}</arg>
<doc>Types the given password into the text field identified by ``locator``.</doc>
<msg timestamp="20231120 22:23:10.919" level="INFO">Typing password into text field 'password_confirmation'.</msg>
<msg timestamp="20231120 22:23:10.941" level="INFO">Temporally setting log level to: NONE</msg>
<msg timestamp="20231120 22:23:10.967" level="INFO">Log level changed from NONE to INFO.</msg>
<status status="PASS" starttime="20231120 22:23:10.918" endtime="20231120 22:23:10.967"/>
</kw>
<status status="PASS" starttime="20231120 22:23:10.918" endtime="20231120 22:23:10.967"/>
</kw>
<kw name="Click Button" library="SeleniumLibrary">
<arg>Register</arg>
<doc>Clicks the button identified by ``locator``.</doc>
<msg timestamp="20231120 22:23:10.967" level="INFO">Clicking button 'Register'.</msg>
<status status="PASS" starttime="20231120 22:23:10.967" endtime="20231120 22:23:11.556"/>
</kw>
<status status="PASS" starttime="20231120 22:23:10.824" endtime="20231120 22:23:11.556"/>
</kw>
<kw name="Go To Login Page" library="resource">
<kw name="Go To" library="SeleniumLibrary">
<arg>${LOGIN_URL}</arg>
<doc>Navigates the current browser window to the provided ``url``.</doc>
<msg timestamp="20231120 22:23:11.557" level="INFO">Opening url 'http://localhost:5001/login'</msg>
<status status="PASS" starttime="20231120 22:23:11.557" endtime="20231120 22:23:11.610"/>
</kw>
<status status="PASS" starttime="20231120 22:23:11.557" endtime="20231120 22:23:11.610"/>
</kw>
<kw name="Login With Credentials" library="resource">
<arg>kalle</arg>
<arg>kalle123</arg>
<kw name="Set Username" library="resource">
<arg>${username}</arg>
<kw name="Input Text" library="SeleniumLibrary">
<arg>username</arg>
<arg>${username}</arg>
<doc>Types the given ``text`` into the text field identified by ``locator``.</doc>
<msg timestamp="20231120 22:23:11.611" level="INFO">Typing text 'kalle' into text field 'username'.</msg>
<status status="PASS" starttime="20231120 22:23:11.611" endtime="20231120 22:23:11.657"/>
</kw>
<status status="PASS" starttime="20231120 22:23:11.611" endtime="20231120 22:23:11.657"/>
</kw>
<kw name="Set Password" library="resource">
<arg>${password}</arg>
<kw name="Input Password" library="SeleniumLibrary">
<arg>password</arg>
<arg>${password}</arg>
<doc>Types the given password into the text field identified by ``locator``.</doc>
<msg timestamp="20231120 22:23:11.658" level="INFO">Typing password into text field 'password'.</msg>
<msg timestamp="20231120 22:23:11.679" level="INFO">Temporally setting log level to: NONE</msg>
<msg timestamp="20231120 22:23:11.705" level="INFO">Log level changed from NONE to INFO.</msg>
<status status="PASS" starttime="20231120 22:23:11.657" endtime="20231120 22:23:11.705"/>
</kw>
<status status="PASS" starttime="20231120 22:23:11.657" endtime="20231120 22:23:11.705"/>
</kw>
<kw name="Submit Credentials" library="resource">
<kw name="Click Button" library="SeleniumLibrary">
<arg>Login</arg>
<doc>Clicks the button identified by ``locator``.</doc>
<msg timestamp="20231120 22:23:11.705" level="INFO">Clicking button 'Login'.</msg>
<status status="PASS" starttime="20231120 22:23:11.705" endtime="20231120 22:23:12.051"/>
</kw>
<status status="PASS" starttime="20231120 22:23:11.705" endtime="20231120 22:23:12.051"/>
</kw>
<status status="PASS" starttime="20231120 22:23:11.611" endtime="20231120 22:23:12.051"/>
</kw>
<kw name="Login Should Succeed" library="resource">
<kw name="Main Page Should Be Open" library="resource">
<kw name="Title Should Be" library="SeleniumLibrary">
<arg>Ohtu Application main page</arg>
<doc>Verifies that the current page title equals ``title``.</doc>
<msg timestamp="20231120 22:23:12.055" level="INFO">Page title is 'Ohtu Application main page'.</msg>
<status status="PASS" starttime="20231120 22:23:12.052" endtime="20231120 22:23:12.055"/>
</kw>
<status status="PASS" starttime="20231120 22:23:12.052" endtime="20231120 22:23:12.055"/>
</kw>
<status status="PASS" starttime="20231120 22:23:12.052" endtime="20231120 22:23:12.055"/>
</kw>
<status status="PASS" starttime="20231120 22:23:06.805" endtime="20231120 22:23:12.055"/>
</test>
<test id="s1-s3-t6" name="Login After Failed Registration" line="42">
<kw name="Run Keywords" library="BuiltIn" type="SETUP">
<arg>Reset Application</arg>
<arg>Go To Register Page</arg>
<doc>Executes all the given keywords in a sequence.</doc>
<kw name="Reset Application" library="AppLibrary">
<status status="PASS" starttime="20231120 22:23:12.056" endtime="20231120 22:23:16.066"/>
</kw>
<kw name="Go To Register Page" library="resource">
<kw name="Go To" library="SeleniumLibrary">
<arg>${REGISTER_URL}</arg>
<doc>Navigates the current browser window to the provided ``url``.</doc>
<msg timestamp="20231120 22:23:16.067" level="INFO">Opening url 'http://localhost:5001/register'</msg>
<status status="PASS" starttime="20231120 22:23:16.067" endtime="20231120 22:23:16.075"/>
</kw>
<status status="PASS" starttime="20231120 22:23:16.066" endtime="20231120 22:23:16.075"/>
</kw>
<status status="PASS" starttime="20231120 22:23:12.056" endtime="20231120 22:23:16.075"/>
</kw>
<kw name="Register User">
<arg>k</arg>
<arg>kalle123</arg>
<kw name="Set Username" library="resource">
<arg>${username}</arg>
<kw name="Input Text" library="SeleniumLibrary">
<arg>username</arg>
<arg>${username}</arg>
<doc>Types the given ``text`` into the text field identified by ``locator``.</doc>
<msg timestamp="20231120 22:23:16.076" level="INFO">Typing text 'k' into text field 'username'.</msg>
<status status="PASS" starttime="20231120 22:23:16.075" endtime="20231120 22:23:16.122"/>
</kw>
<status status="PASS" starttime="20231120 22:23:16.075" endtime="20231120 22:23:16.122"/>
</kw>
<kw name="Set Password" library="resource">
<arg>${password}</arg>
<kw name="Input Password" library="SeleniumLibrary">
<arg>password</arg>
<arg>${password}</arg>
<doc>Types the given password into the text field identified by ``locator``.</doc>
<msg timestamp="20231120 22:23:16.123" level="INFO">Typing password into text field 'password'.</msg>
<msg timestamp="20231120 22:23:16.141" level="INFO">Temporally setting log level to: NONE</msg>
<msg timestamp="20231120 22:23:16.168" level="INFO">Log level changed from NONE to INFO.</msg>
<status status="PASS" starttime="20231120 22:23:16.122" endtime="20231120 22:23:16.169"/>
</kw>
<status status="PASS" starttime="20231120 22:23:16.122" endtime="20231120 22:23:16.169"/>
</kw>
<kw name="Set Password Confirmation">
<arg>${password}</arg>
<kw name="Input Password" library="SeleniumLibrary">
<arg>password_confirmation</arg>
<arg>${password}</arg>
<doc>Types the given password into the text field identified by ``locator``.</doc>
<msg timestamp="20231120 22:23:16.169" level="INFO">Typing password into text field 'password_confirmation'.</msg>
<msg timestamp="20231120 22:23:16.191" level="INFO">Temporally setting log level to: NONE</msg>
<msg timestamp="20231120 22:23:16.218" level="INFO">Log level changed from NONE to INFO.</msg>
<status status="PASS" starttime="20231120 22:23:16.169" endtime="20231120 22:23:16.218"/>
</kw>
<status status="PASS" starttime="20231120 22:23:16.169" endtime="20231120 22:23:16.219"/>
</kw>
<kw name="Click Button" library="SeleniumLibrary">
<arg>Register</arg>
<doc>Clicks the button identified by ``locator``.</doc>
<msg timestamp="20231120 22:23:16.219" level="INFO">Clicking button 'Register'.</msg>
<status status="PASS" starttime="20231120 22:23:16.219" endtime="20231120 22:23:16.807"/>
</kw>
<status status="PASS" starttime="20231120 22:23:16.075" endtime="20231120 22:23:16.807"/>
</kw>
<kw name="Go To Login Page" library="resource">
<kw name="Go To" library="SeleniumLibrary">
<arg>${LOGIN_URL}</arg>
<doc>Navigates the current browser window to the provided ``url``.</doc>
<msg timestamp="20231120 22:23:16.807" level="INFO">Opening url 'http://localhost:5001/login'</msg>
<status status="PASS" starttime="20231120 22:23:16.807" endtime="20231120 22:23:16.858"/>
</kw>
<status status="PASS" starttime="20231120 22:23:16.807" endtime="20231120 22:23:16.858"/>
</kw>
<kw name="Login With Credentials" library="resource">
<arg>k</arg>
<arg>kalle123</arg>
<kw name="Set Username" library="resource">
<arg>${username}</arg>
<kw name="Input Text" library="SeleniumLibrary">
<arg>username</arg>
<arg>${username}</arg>
<doc>Types the given ``text`` into the text field identified by ``locator``.</doc>
<msg timestamp="20231120 22:23:16.859" level="INFO">Typing text 'k' into text field 'username'.</msg>
<status status="PASS" starttime="20231120 22:23:16.859" endtime="20231120 22:23:16.904"/>
</kw>
<status status="PASS" starttime="20231120 22:23:16.858" endtime="20231120 22:23:16.904"/>
</kw>
<kw name="Set Password" library="resource">
<arg>${password}</arg>
<kw name="Input Password" library="SeleniumLibrary">
<arg>password</arg>
<arg>${password}</arg>
<doc>Types the given password into the text field identified by ``locator``.</doc>
<msg timestamp="20231120 22:23:16.905" level="INFO">Typing password into text field 'password'.</msg>
<msg timestamp="20231120 22:23:16.925" level="INFO">Temporally setting log level to: NONE</msg>
<msg timestamp="20231120 22:23:16.952" level="INFO">Log level changed from NONE to INFO.</msg>
<status status="PASS" starttime="20231120 22:23:16.905" endtime="20231120 22:23:16.952"/>
</kw>
<status status="PASS" starttime="20231120 22:23:16.905" endtime="20231120 22:23:16.952"/>
</kw>
<kw name="Submit Credentials" library="resource">
<kw name="Click Button" library="SeleniumLibrary">
<arg>Login</arg>
<doc>Clicks the button identified by ``locator``.</doc>
<msg timestamp="20231120 22:23:16.953" level="INFO">Clicking button 'Login'.</msg>
<status status="PASS" starttime="20231120 22:23:16.953" endtime="20231120 22:23:17.294"/>
</kw>
<status status="PASS" starttime="20231120 22:23:16.952" endtime="20231120 22:23:17.294"/>
</kw>
<status status="PASS" starttime="20231120 22:23:16.858" endtime="20231120 22:23:17.294"/>
</kw>
<kw name="Login Should Fail With Message" library="resource">
<arg>Invalid username or password</arg>
<kw name="Login Page Should Be Open" library="resource">
<kw name="Title Should Be" library="SeleniumLibrary">
<arg>Login</arg>
<doc>Verifies that the current page title equals ``title``.</doc>
<msg timestamp="20231120 22:23:17.297" level="INFO">Page title is 'Login'.</msg>
<status status="PASS" starttime="20231120 22:23:17.294" endtime="20231120 22:23:17.297"/>
</kw>
<status status="PASS" starttime="20231120 22:23:17.294" endtime="20231120 22:23:17.297"/>
</kw>
<kw name="Page Should Contain" library="SeleniumLibrary">
<arg>${message}</arg>
<doc>Verifies that current page contains ``text``.</doc>
<msg timestamp="20231120 22:23:17.308" level="INFO">Current page contains text 'Invalid username or password'.</msg>
<status status="PASS" starttime="20231120 22:23:17.297" endtime="20231120 22:23:17.308"/>
</kw>
<status status="PASS" starttime="20231120 22:23:17.294" endtime="20231120 22:23:17.308"/>
</kw>
<status status="PASS" starttime="20231120 22:23:12.056" endtime="20231120 22:23:17.309"/>
</test>
<kw name="Close Browser" library="SeleniumLibrary" type="TEARDOWN">
<doc>Closes the current browser.</doc>
<status status="PASS" starttime="20231120 22:23:17.309" endtime="20231120 22:23:19.363"/>
</kw>
<status status="PASS" starttime="20231120 22:22:46.233" endtime="20231120 22:23:19.363"/>
</suite>
<status status="PASS" starttime="20231120 22:22:15.938" endtime="20231120 22:23:19.364"/>
</suite>
<statistics>
<total>
<stat pass="11" fail="0" skip="0">All Tests</stat>
</total>
<tag>
</tag>
<suite>
<stat pass="11" fail="0" skip="0" id="s1" name="Tests">Tests</stat>
<stat pass="2" fail="0" skip="0" id="s1-s1" name="Home">Tests.Home</stat>
<stat pass="3" fail="0" skip="0" id="s1-s2" name="Login">Tests.Login</stat>
<stat pass="6" fail="0" skip="0" id="s1-s3" name="Register">Tests.Register</stat>
</suite>
</statistics>
<errors>
</errors>
</robot>
